13:09:21.152 [main] INFO  com.intuit.karate.Runner - using system property 'karate.options': --tags @debug
13:09:22.558 [main] DEBUG com.intuit.karate.Suite - [config] classpath:karate-config.js
13:09:24.110 [main] INFO  com.intuit.karate - karate.env system property was: null 
13:09:24.132 [main] INFO  com.intuit.karate - >> lock acquired, begin callSingle: classpath:helpers/CreateToken.feature
13:09:25.316 [main] DEBUG com.intuit.karate - request:
1 > POST https://conduit.productionready.io/api/users/login
1 > Content-Type: application/json; charset=UTF-8
1 > Content-Length: 67
1 > Host: conduit.productionready.io
1 > Connection: Keep-Alive
1 > User-Agent: Apache-HttpClient/4.5.13 (Java/11.0.11)
1 > Accept-Encoding: gzip,deflate
{"user":{"password":"karateapi@2021","email":"karatejun@test.com"}}

13:09:26.731 [main] DEBUG com.intuit.karate - response time in milliseconds: 1397
1 < 200
1 < Date: Mon, 21 Jun 2021 03:09:26 GMT
1 < Content-Type: application/json; charset=utf-8
1 < Connection: keep-alive
1 < Cache-Control: max-age=0, private, must-revalidate
1 < ETag: W/"9add80f4e968f9b2d18cd8bc3076b353"
1 < Status: 200 OK
1 < Vary: Origin
1 < X-Content-Type-Options: nosniff
1 < X-Frame-Options: SAMEORIGIN
1 < X-Powered-By: Phusion Passenger 4.0.60
1 < X-Request-Id: 82f0a36d-f1b5-433f-be07-e9496f7e20f8
1 < X-Runtime: 0.082195
1 < X-XSS-Protection: 1; mode=block
1 < CF-Cache-Status: DYNAMIC
1 < cf-request-id: 0ace246abc000019b9493dc000000001
1 < Expect-CT: max-age=604800, report-uri="https://report-uri.cloudflare.com/cdn-cgi/beacon/expect-ct"
1 < Report-To: {"endpoints":[{"url":"https:\/\/a.nel.cloudflare.com\/report\/v2?s=SZZcX2DABlqhE3GfhqTxBvbrunc4ZFzvInQEa80eWnySPmjo31sFGN8wi3LXLg4hQmDTovhSc83ZJdCqUWRQIBkRJv3sUoYHRcTIF3XpLBxTzIO%2FYNtp%2FeJQof7xykfqWTJHqPUDXMY%3D"}],"group":"cf-nel","max_age":604800}
1 < NEL: {"report_to":"cf-nel","max_age":604800}
1 < Server: cloudflare
1 < CF-RAY: 662a09bdfd3719b9-SIN
1 < alt-svc: h3-27=":443"; ma=86400, h3-28=":443"; ma=86400, h3-29=":443"; ma=86400, h3=":443"; ma=86400
{"user":{"createdAt":"2021-06-04T05:15:38.315Z","image":null,"bio":null,"id":173662,"email":"karatejun@test.com","updatedAt":"2021-06-04T05:15:38.320Z","username":"KarateAPIAutomation","token":"eyJ0eXAiOiJKV1QiLCJhbGciOiJIUzI1NiJ9.eyJpZCI6MTczNjYyLCJ1c2VybmFtZSI6IkthcmF0ZUFQSUF1dG9tYXRpb24iLCJleHAiOjE2Mjk0Mjg5NjZ9.7M4XFpAU4JbH90l3QkYfUPkAs4LMbvOM0gXNpIKU6mg"}}
13:09:26.744 [main] INFO  com.intuit.karate - << lock released, cached callSingle: classpath:helpers/CreateToken.feature
13:09:26.799 [main] DEBUG com.intuit.karate - request:
1 > GET https://conduit.productionready.io/api/articles?offset=0&limit=10
1 > Authorization: Token eyJ0eXAiOiJKV1QiLCJhbGciOiJIUzI1NiJ9.eyJpZCI6MTczNjYyLCJ1c2VybmFtZSI6IkthcmF0ZUFQSUF1dG9tYXRpb24iLCJleHAiOjE2Mjk0Mjg5NjZ9.7M4XFpAU4JbH90l3QkYfUPkAs4LMbvOM0gXNpIKU6mg
1 > Host: conduit.productionready.io
1 > Connection: Keep-Alive
1 > User-Agent: Apache-HttpClient/4.5.13 (Java/11.0.11)
1 > Accept-Encoding: gzip,deflate


13:09:28.468 [main] DEBUG com.intuit.karate - response time in milliseconds: 1663
1 < 200
1 < Date: Mon, 21 Jun 2021 03:09:28 GMT
1 < Content-Type: application/json; charset=utf-8
1 < Transfer-Encoding: chunked
1 < Connection: keep-alive
1 < Cache-Control: max-age=0, private, must-revalidate
1 < ETag: W/"57c649c6dd9df4f5956d3ac8636b8bcf"
1 < Status: 200 OK
1 < Vary: Origin
1 < X-Content-Type-Options: nosniff
1 < X-Frame-Options: SAMEORIGIN
1 < X-Powered-By: Phusion Passenger 4.0.60
1 < X-Request-Id: 868d0870-3aad-4ece-94bc-e4fbd15da6f8
1 < X-Runtime: 0.618611
1 < X-XSS-Protection: 1; mode=block
1 < CF-Cache-Status: DYNAMIC
1 < cf-request-id: 0ace246f7f0000de01e53d5000000001
1 < Expect-CT: max-age=604800, report-uri="https://report-uri.cloudflare.com/cdn-cgi/beacon/expect-ct"
1 < Report-To: {"endpoints":[{"url":"https:\/\/a.nel.cloudflare.com\/report\/v2?s=l9AOv6TtDIBNyVmLaXlKCOvAgFS84zXt3u7g9Ff2FiXIHj2tX%2F23YsoSj6P8j2yUqqSFR7NC6wGzQmg9KrcOi%2FuUSgf9Agel4wr7ro1s7O2nw4sxxZNxA5ex9CVKOKihJyq9b%2FdyFmc%3D"}],"group":"cf-nel","max_age":604800}
1 < NEL: {"report_to":"cf-nel","max_age":604800}
1 < Server: cloudflare
1 < CF-RAY: 662a09c59fe8de01-SIN
1 < alt-svc: h3-27=":443"; ma=86400, h3-28=":443"; ma=86400, h3-29=":443"; ma=86400, h3=":443"; ma=86400
{"articlesCount":500,"articles":[{"tagList":[],"createdAt":"2021-06-21T03:03:45.956Z","author":{"image":"https:\/\/static.productionready.io\/images\/smiley-cyrus.jpg","following":false,"bio":null,"username":"mrahman"},"description":"This is a description","title":"This is a title","body":"This is a body of the Article","favoritesCount":0,"slug":"this-is-a-title-bl5tw2","updatedAt":"2021-06-21T03:03:45.956Z","favorited":false},{"tagList":[],"createdAt":"2021-06-21T03:03:35.094Z","author":{"image":"","following":false,"bio":null,"username":"rajeshkumarseal"},"description":"Test 1","title":"Test Title","body":"Test 2","favoritesCount":0,"slug":"test-title-ldn66s","updatedAt":"2021-06-21T03:03:35.094Z","favorited":false},{"tagList":[],"createdAt":"2021-06-21T03:03:24.070Z","author":{"image":"https:\/\/static.productionready.io\/images\/smiley-cyrus.jpg","following":false,"bio":null,"username":"mrahman"},"description":"This is a description","title":"This is a title","body":"This is a body of the Article","favoritesCount":0,"slug":"this-is-a-title-jf0u7p","updatedAt":"2021-06-21T03:03:24.070Z","favorited":false},{"tagList":[],"createdAt":"2021-06-21T03:02:39.216Z","author":{"image":"","following":false,"bio":null,"username":"rajeshkumarseal"},"description":"Test 1","title":"Test Title","body":"Test 2","favoritesCount":1,"slug":"test-title-rfz0pv","updatedAt":"2021-06-21T03:02:39.216Z","favorited":true},{"tagList":[],"createdAt":"2021-06-21T03:01:18.415Z","author":{"image":"","following":false,"bio":null,"username":"rajeshkumarseal"},"description":"Test 1","title":"Test Title","body":"Test 2","favoritesCount":1,"slug":"test-title-chqa73","updatedAt":"2021-06-21T03:01:18.415Z","favorited":true},{"tagList":[],"createdAt":"2021-06-21T02:55:15.550Z","author":{"image":"https:\/\/static.productionready.io\/images\/smiley-cyrus.jpg","following":false,"bio":null,"username":"mrahman"},"description":"This is a description","title":"This is a title","body":"This is a body of the Article","favoritesCount":0,"slug":"this-is-a-title-wl3cvg","updatedAt":"2021-06-21T02:55:15.550Z","favorited":false},{"tagList":[],"createdAt":"2021-06-21T02:53:04.517Z","author":{"image":"https:\/\/static.productionready.io\/images\/smiley-cyrus.jpg","following":false,"bio":null,"username":"mrahman"},"description":"This is a description","title":"This is a title","body":"This is a body of the Article","favoritesCount":0,"slug":"this-is-a-title-u975bg","updatedAt":"2021-06-21T02:53:04.517Z","favorited":false},{"tagList":[],"createdAt":"2021-06-21T02:50:45.161Z","author":{"image":"https:\/\/sm.ign.com\/ign_pt\/screenshot\/default\/1-wzz9owp3qjjcswtititjkw_6g31.jpg","following":false,"bio":"Nothing","username":"nitaicharan"},"description":"about","title":"Teste","body":"markdown","favoritesCount":0,"slug":"teste-uqsmrw","updatedAt":"2021-06-21T02:50:45.161Z","favorited":false},{"tagList":[],"createdAt":"2021-06-21T02:34:02.116Z","author":{"image":"https:\/\/static.productionready.io\/images\/smiley-cyrus.jpg","following":false,"bio":null,"username":"mrahman"},"description":"This is a description","title":"This is a title","body":"This is a body of the Article","favoritesCount":0,"slug":"this-is-a-title-ux3ovq","updatedAt":"2021-06-21T02:34:02.116Z","favorited":false},{"tagList":[],"createdAt":"2021-06-21T02:33:39.641Z","author":{"image":"https:\/\/static.productionready.io\/images\/smiley-cyrus.jpg","following":false,"bio":null,"username":"mrahman"},"description":"This is a description","title":"This is a title","body":"This is a body of the Article","favoritesCount":0,"slug":"this-is-a-title-avd589","updatedAt":"2021-06-21T02:33:39.641Z","favorited":false}]}
13:09:28.571 [main] DEBUG com.intuit.karate - request:
1 > POST https://conduit.productionready.io/api/articles/this-is-a-title-bl5tw2/favorite
1 > Authorization: Token eyJ0eXAiOiJKV1QiLCJhbGciOiJIUzI1NiJ9.eyJpZCI6MTczNjYyLCJ1c2VybmFtZSI6IkthcmF0ZUFQSUF1dG9tYXRpb24iLCJleHAiOjE2Mjk0Mjg5NjZ9.7M4XFpAU4JbH90l3QkYfUPkAs4LMbvOM0gXNpIKU6mg
1 > Content-Type: application/json; charset=UTF-8
1 > Content-Length: 2
1 > Host: conduit.productionready.io
1 > Connection: Keep-Alive
1 > User-Agent: Apache-HttpClient/4.5.13 (Java/11.0.11)
1 > Accept-Encoding: gzip,deflate
{}

13:09:29.784 [main] DEBUG com.intuit.karate - response time in milliseconds: 1212
1 < 200
1 < Date: Mon, 21 Jun 2021 03:09:29 GMT
1 < Content-Type: application/json; charset=utf-8
1 < Transfer-Encoding: chunked
1 < Connection: keep-alive
1 < Cache-Control: max-age=0, private, must-revalidate
1 < ETag: W/"61c2e5415ff3444cd2852e8c92c6f984"
1 < Status: 200 OK
1 < Vary: Origin
1 < X-Content-Type-Options: nosniff
1 < X-Frame-Options: SAMEORIGIN
1 < X-Powered-By: Phusion Passenger 4.0.60
1 < X-Request-Id: 624cc620-6b03-4aa6-9af8-772dca18a39d
1 < X-Runtime: 0.066251
1 < X-XSS-Protection: 1; mode=block
1 < CF-Cache-Status: DYNAMIC
1 < cf-request-id: 0ace2476b300001a15f71ce000000001
1 < Expect-CT: max-age=604800, report-uri="https://report-uri.cloudflare.com/cdn-cgi/beacon/expect-ct"
1 < Report-To: {"endpoints":[{"url":"https:\/\/a.nel.cloudflare.com\/report\/v2?s=JrwztCtFTG3RQCcoIgQi4T5SSUM04lk24yWfk7x2SzDoYipmdX5hKJ55PzRn4rDQwSlLBanZ8U5HM%2B%2BjqCPizvu4LSUe%2Fatl5wR4byFjswN4Caucqy%2BFCPG%2B%2FwRVO7NovRVGIOdw7w8%3D"}],"group":"cf-nel","max_age":604800}
1 < NEL: {"report_to":"cf-nel","max_age":604800}
1 < Server: cloudflare
1 < CF-RAY: 662a09d119b81a15-SIN
1 < alt-svc: h3-27=":443"; ma=86400, h3-28=":443"; ma=86400, h3-29=":443"; ma=86400, h3=":443"; ma=86400
{"article":{"tagList":[],"createdAt":"2021-06-21T03:03:45.956Z","author":{"image":"https:\/\/static.productionready.io\/images\/smiley-cyrus.jpg","following":false,"bio":null,"username":"mrahman"},"description":"This is a description","title":"This is a title","body":"This is a body of the Article","favoritesCount":1,"slug":"this-is-a-title-bl5tw2","updatedAt":"2021-06-21T03:03:45.956Z","favorited":true}}
13:09:29.794 [main] DEBUG com.intuit.karate - request:
2 > GET https://conduit.productionready.io/api/articles?offset=0&limit=10
2 > Authorization: Token eyJ0eXAiOiJKV1QiLCJhbGciOiJIUzI1NiJ9.eyJpZCI6MTczNjYyLCJ1c2VybmFtZSI6IkthcmF0ZUFQSUF1dG9tYXRpb24iLCJleHAiOjE2Mjk0Mjg5NjZ9.7M4XFpAU4JbH90l3QkYfUPkAs4LMbvOM0gXNpIKU6mg
2 > Host: conduit.productionready.io
2 > Connection: Keep-Alive
2 > User-Agent: Apache-HttpClient/4.5.13 (Java/11.0.11)
2 > Accept-Encoding: gzip,deflate


13:09:32.038 [main] DEBUG com.intuit.karate - response time in milliseconds: 2242
2 < 200
2 < Date: Mon, 21 Jun 2021 03:09:31 GMT
2 < Content-Type: application/json; charset=utf-8
2 < Transfer-Encoding: chunked
2 < Connection: keep-alive
2 < Cache-Control: max-age=0, private, must-revalidate
2 < ETag: W/"ecda273f0644dafac2ce53597ffafe99"
2 < Status: 200 OK
2 < Vary: Origin
2 < X-Content-Type-Options: nosniff
2 < X-Frame-Options: SAMEORIGIN
2 < X-Powered-By: Phusion Passenger 4.0.60
2 < X-Request-Id: e4158509-b2c2-4e1d-a6d1-1e6a06c1a6cc
2 < X-Runtime: 1.300988
2 < X-XSS-Protection: 1; mode=block
2 < CF-Cache-Status: DYNAMIC
2 < cf-request-id: 0ace247b1b000019fde83a7000000001
2 < Expect-CT: max-age=604800, report-uri="https://report-uri.cloudflare.com/cdn-cgi/beacon/expect-ct"
2 < Report-To: {"endpoints":[{"url":"https:\/\/a.nel.cloudflare.com\/report\/v2?s=pdxnkla6B5GUjrAxOG50NqlTDYau%2BNluFpFTM7gg6SJfRp%2B%2FCytSWsQi%2FocUsAcN%2FOdC%2FSzjAx%2FBKfgX2RZBKTtUj9NQz1PoUCp%2BVPUyjB0uDnimcofBq4EwnhTHIkwYEsekKbyQC4A%3D"}],"group":"cf-nel","max_age":604800}
2 < NEL: {"report_to":"cf-nel","max_age":604800}
2 < Server: cloudflare
2 < CF-RAY: 662a09d82e3319fd-SIN
2 < alt-svc: h3-27=":443"; ma=86400, h3-28=":443"; ma=86400, h3-29=":443"; ma=86400, h3=":443"; ma=86400
{"articlesCount":500,"articles":[{"tagList":[],"createdAt":"2021-06-21T03:03:45.956Z","author":{"image":"https:\/\/static.productionready.io\/images\/smiley-cyrus.jpg","following":false,"bio":null,"username":"mrahman"},"description":"This is a description","title":"This is a title","body":"This is a body of the Article","favoritesCount":1,"slug":"this-is-a-title-bl5tw2","updatedAt":"2021-06-21T03:03:45.956Z","favorited":true},{"tagList":[],"createdAt":"2021-06-21T03:03:24.070Z","author":{"image":"https:\/\/static.productionready.io\/images\/smiley-cyrus.jpg","following":false,"bio":null,"username":"mrahman"},"description":"This is a description","title":"This is a title","body":"This is a body of the Article","favoritesCount":0,"slug":"this-is-a-title-jf0u7p","updatedAt":"2021-06-21T03:03:24.070Z","favorited":false},{"tagList":[],"createdAt":"2021-06-21T03:02:39.216Z","author":{"image":"","following":false,"bio":null,"username":"rajeshkumarseal"},"description":"Test 1","title":"Test Title","body":"Test 2","favoritesCount":1,"slug":"test-title-rfz0pv","updatedAt":"2021-06-21T03:02:39.216Z","favorited":true},{"tagList":[],"createdAt":"2021-06-21T03:01:18.415Z","author":{"image":"","following":false,"bio":null,"username":"rajeshkumarseal"},"description":"Test 1","title":"Test Title","body":"Test 2","favoritesCount":1,"slug":"test-title-chqa73","updatedAt":"2021-06-21T03:01:18.415Z","favorited":true},{"tagList":[],"createdAt":"2021-06-21T02:55:15.550Z","author":{"image":"https:\/\/static.productionready.io\/images\/smiley-cyrus.jpg","following":false,"bio":null,"username":"mrahman"},"description":"This is a description","title":"This is a title","body":"This is a body of the Article","favoritesCount":0,"slug":"this-is-a-title-wl3cvg","updatedAt":"2021-06-21T02:55:15.550Z","favorited":false},{"tagList":[],"createdAt":"2021-06-21T02:53:04.517Z","author":{"image":"https:\/\/static.productionready.io\/images\/smiley-cyrus.jpg","following":false,"bio":null,"username":"mrahman"},"description":"This is a description","title":"This is a title","body":"This is a body of the Article","favoritesCount":0,"slug":"this-is-a-title-u975bg","updatedAt":"2021-06-21T02:53:04.517Z","favorited":false},{"tagList":[],"createdAt":"2021-06-21T02:50:45.161Z","author":{"image":"https:\/\/sm.ign.com\/ign_pt\/screenshot\/default\/1-wzz9owp3qjjcswtititjkw_6g31.jpg","following":false,"bio":"Nothing","username":"nitaicharan"},"description":"about","title":"Teste","body":"markdown","favoritesCount":0,"slug":"teste-uqsmrw","updatedAt":"2021-06-21T02:50:45.161Z","favorited":false},{"tagList":[],"createdAt":"2021-06-21T02:34:02.116Z","author":{"image":"https:\/\/static.productionready.io\/images\/smiley-cyrus.jpg","following":false,"bio":null,"username":"mrahman"},"description":"This is a description","title":"This is a title","body":"This is a body of the Article","favoritesCount":0,"slug":"this-is-a-title-ux3ovq","updatedAt":"2021-06-21T02:34:02.116Z","favorited":false},{"tagList":[],"createdAt":"2021-06-21T02:33:39.641Z","author":{"image":"https:\/\/static.productionready.io\/images\/smiley-cyrus.jpg","following":false,"bio":null,"username":"mrahman"},"description":"This is a description","title":"This is a title","body":"This is a body of the Article","favoritesCount":0,"slug":"this-is-a-title-avd589","updatedAt":"2021-06-21T02:33:39.641Z","favorited":false},{"tagList":[],"createdAt":"2021-06-21T02:33:21.229Z","author":{"image":"https:\/\/static.productionready.io\/images\/smiley-cyrus.jpg","following":false,"bio":null,"username":"mrahman"},"description":"This is a description","title":"This is a title","body":"This is a body of the Article","favoritesCount":0,"slug":"this-is-a-title-nzoaz9","updatedAt":"2021-06-21T02:33:21.229Z","favorited":false}]}
13:09:34.226 [main] INFO  com.intuit.karate.Suite - <<pass>> feature 2 of 5 (0 remaining) classpath:ConduitApp/feature/HomePage.feature
13:09:34.335 [main] DEBUG com.intuit.karate.Suite - waiting for 5 features to complete
